<?xml version="1.0" encoding="UTF-8"?>
<testng-results skipped="0" failed="0" ignored="0" total="1" passed="1">
  <reporter-output>
  </reporter-output>
  <suite name="Default suite" duration-ms="4856" started-at="2018-05-31T11:31:54Z" finished-at="2018-05-31T11:31:59Z">
    <groups>
    </groups>
    <test name="Default test" duration-ms="4856" started-at="2018-05-31T11:31:54Z" finished-at="2018-05-31T11:31:59Z">
      <class name="post_Request.Parsing_JSON">
        <test-method status="PASS" signature="Validate()[pri:0, instance:post_Request.Parsing_JSON@57baeedf]" name="Validate" duration-ms="4789" started-at="2018-05-31T11:31:54Z" finished-at="2018-05-31T11:31:59Z">
          <reporter-output>
          </reporter-output>
        </test-method> <!-- Validate -->
      </class> <!-- post_Request.Parsing_JSON -->
    </test> <!-- Default test -->
  </suite> <!-- Default suite -->
</testng-results>
