<?xml version="1.0" encoding="UTF-8"?>
<testng-results skipped="0" failed="0" ignored="0" total="1" passed="1">
  <reporter-output>
  </reporter-output>
  <suite name="Default suite" duration-ms="4512" started-at="2018-05-31T13:02:36Z" finished-at="2018-05-31T13:02:40Z">
    <groups>
    </groups>
    <test name="Default test" duration-ms="4512" started-at="2018-05-31T13:02:36Z" finished-at="2018-05-31T13:02:40Z">
      <class name="rest_Testing_Demo.Get_Validation">
        <test-method status="PASS" signature="Validate()[pri:0, instance:rest_Testing_Demo.Get_Validation@57baeedf]" name="Validate" duration-ms="4437" started-at="2018-05-31T13:02:36Z" finished-at="2018-05-31T13:02:40Z">
          <reporter-output>
          </reporter-output>
        </test-method> <!-- Validate -->
      </class> <!-- rest_Testing_Demo.Get_Validation -->
    </test> <!-- Default test -->
  </suite> <!-- Default suite -->
</testng-results>
